START OF LOG
player on port 49222
interactive player mode; name 'jim'
GRID message received: GRID 5 14
displayStart: Success
wRows = 24
wCols = 105
OK message received: OK A
GOLD message received: GOLD 0 0 250
DISPLAY message received
GOLD message received: GOLD 3 3 247
DISPLAY message received
DISPLAY message received
DISPLAY message received
GOLD message received: GOLD 1 4 246
DISPLAY message received
GOLD message received: GOLD 6 10 240
DISPLAY message received
GOLD message received: GOLD 13 23 227
DISPLAY message received
GOLD message received: GOLD 9 32 218
DISPLAY message received
GOLD message received: GOLD 15 47 203
DISPLAY message received
GOLD message received: GOLD 18 65 185
DISPLAY message received
GOLD message received: GOLD 25 90 160
DISPLAY message received
GOLD message received: GOLD 1 91 159
DISPLAY message received
DISPLAY message received
GOLD message received: GOLD 10 101 149
DISPLAY message received
GOLD message received: GOLD 7 108 142
DISPLAY message received
GOLD message received: GOLD 22 130 120
DISPLAY message received
GOLD message received: GOLD 8 138 112
DISPLAY message received
GOLD message received: GOLD 2 140 110
DISPLAY message received
GOLD message received: GOLD 11 151 99
DISPLAY message received
GOLD message received: GOLD 2 153 97
DISPLAY message received
DISPLAY message received
GOLD message received: GOLD 1 154 96
DISPLAY message received
DISPLAY message received
GOLD message received: GOLD 8 162 88
DISPLAY message received
GOLD message received: GOLD 1 163 87
DISPLAY message received
DISPLAY message received
DISPLAY message received
DISPLAY message received
GOLD message received: GOLD 10 173 77
DISPLAY message received
GOLD message received: GOLD 24 197 53
DISPLAY message received
GOLD message received: GOLD 22 219 31
DISPLAY message received
GOLD message received: GOLD 6 225 25
DISPLAY message received
GOLD message received: GOLD 25 250 0
QUIT message received: QUIT GAME OVER

END OF LOG
