START OF LOG
START OF LOG
message_init: ready at port '56985'
message_loop: message ready on socket
message_loop: FROM 127.0.0.1:52549
message_loop: 1 lines:
PLAY eter
message_send: TO 127.0.0.1:52549
message_send: 1 lines:
GRID 5 14
message_send: TO 127.0.0.1:52549
message_send: 1 lines:
OK A
message_send: TO 127.0.0.1:52549
message_send: 1 lines:
GOLD 0 0 250
message_send: TO 127.0.0.1:52549
message_send: 6 lines:
DISPLAY
  +----------+
  |*********.|
  |***.*.**.*|
  |***.*@****|
  +----------+

message_loop: message ready on socket
message_loop: FROM 127.0.0.1:52549
message_loop: 1 lines:
KEY l
message_send: TO 127.0.0.1:52549
message_send: 1 lines:
GOLD 16 16 234
message_send: error sending to datagram socket: Invalid argument
message_send: TO 127.0.0.1:52549
message_send: 6 lines:
DISPLAY
  +----------+
  |*********.|
  |***.*.**.*|
  |***.*.@***|
  +----------+

message_loop: message ready on socket
message_loop: FROM 127.0.0.1:52549
message_loop: 1 lines:
KEY l
message_send: TO 127.0.0.1:52549
message_send: 1 lines:
GOLD 12 28 222
message_send: error sending to datagram socket: Invalid argument
message_send: TO 127.0.0.1:52549
message_send: 6 lines:
DISPLAY
  +----------+
  |*********.|
  |***.*.**.*|
  |***.*..@**|
  +----------+

message_loop: message ready on socket
message_loop: FROM 127.0.0.1:52549
message_loop: 1 lines:
KEY l
message_send: TO 127.0.0.1:52549
message_send: 1 lines:
GOLD 9 37 213
message_send: error sending to datagram socket: Invalid argument
message_send: TO 127.0.0.1:52549
message_send: 6 lines:
DISPLAY
  +----------+
  |*********.|
  |***.*.**.*|
  |***.*...@*|
  +----------+

message_loop: message ready on socket
message_loop: FROM 127.0.0.1:52549
message_loop: 1 lines:
KEY l
message_send: TO 127.0.0.1:52549
message_send: 1 lines:
GOLD 2 39 211
message_send: error sending to datagram socket: Invalid argument
message_send: TO 127.0.0.1:52549
message_send: 6 lines:
DISPLAY
  +----------+
  |*********.|
  |***.*.**.*|
  |***.*....@|
  +----------+

message_loop: message ready on socket
message_loop: FROM 127.0.0.1:52549
message_loop: 1 lines:
KEY h
message_send: TO 127.0.0.1:52549
message_send: 6 lines:
DISPLAY
  +----------+
  |*********.|
  |***.*.**.*|
  |***.*...@.|
  +----------+

message_loop: message ready on socket
message_loop: FROM 127.0.0.1:52549
message_loop: 1 lines:
KEY h
message_send: TO 127.0.0.1:52549
message_send: 6 lines:
DISPLAY
  +----------+
  |*********.|
  |***.*.**.*|
  |***.*..@..|
  +----------+

message_loop: message ready on socket
message_loop: FROM 127.0.0.1:52549
message_loop: 1 lines:
KEY h
message_send: TO 127.0.0.1:52549
message_send: 6 lines:
DISPLAY
  +----------+
  |*********.|
  |***.*.**.*|
  |***.*.@...|
  +----------+

message_loop: message ready on socket
message_loop: FROM 127.0.0.1:52549
message_loop: 1 lines:
KEY h
message_send: TO 127.0.0.1:52549
message_send: 6 lines:
DISPLAY
  +----------+
  |*********.|
  |***.*.**.*|
  |***.*@....|
  +----------+

message_loop: message ready on socket
message_loop: FROM 127.0.0.1:52549
message_loop: 1 lines:
KEY h
message_send: TO 127.0.0.1:52549
message_send: 1 lines:
GOLD 21 60 190
message_send: error sending to datagram socket: Invalid argument
message_send: TO 127.0.0.1:52549
message_send: 6 lines:
DISPLAY
  +----------+
  |*********.|
  |***.*.**.*|
  |***.@.....|
  +----------+

message_loop: message ready on socket
message_loop: FROM 127.0.0.1:52549
message_loop: 1 lines:
KEY h
message_send: TO 127.0.0.1:52549
message_send: 6 lines:
DISPLAY
  +----------+
  |*********.|
  |***.*.**.*|
  |***@......|
  +----------+

message_loop: message ready on socket
message_loop: FROM 127.0.0.1:52549
message_loop: 1 lines:
KEY h
message_send: TO 127.0.0.1:52549
message_send: 1 lines:
GOLD 14 74 176
message_send: error sending to datagram socket: Invalid argument
message_send: TO 127.0.0.1:52549
message_send: 6 lines:
DISPLAY
  +----------+
  |*********.|
  |***.*.**.*|
  |**@.......|
  +----------+

message_loop: message ready on socket
message_loop: FROM 127.0.0.1:52549
message_loop: 1 lines:
KEY h
message_send: TO 127.0.0.1:52549
message_send: 1 lines:
GOLD 7 81 169
message_send: error sending to datagram socket: Invalid argument
message_send: TO 127.0.0.1:52549
message_send: 6 lines:
DISPLAY
  +----------+
  |*********.|
  |***.*.**.*|
  |*@........|
  +----------+

message_loop: message ready on socket
message_loop: FROM 127.0.0.1:52549
message_loop: 1 lines:
KEY h
message_send: TO 127.0.0.1:52549
message_send: 1 lines:
GOLD 5 86 164
message_send: error sending to datagram socket: Invalid argument
message_send: TO 127.0.0.1:52549
message_send: 6 lines:
DISPLAY
  +----------+
  |*********.|
  |***.*.**.*|
  |@.........|
  +----------+

message_loop: message ready on socket
message_loop: FROM 127.0.0.1:52549
message_loop: 1 lines:
KEY 
message_loop: message ready on socket
message_loop: FROM 127.0.0.1:52549
message_loop: 1 lines:
KEY [
message_loop: message ready on socket
message_loop: FROM 127.0.0.1:52549
message_loop: 1 lines:
KEY Z
message_loop: message ready on socket
message_loop: FROM 127.0.0.1:52549
message_loop: 1 lines:
KEY Q
message_send: TO 127.0.0.1:52549
message_send: 1 lines:
QUIT Thanks for playing!
message_send: TO 127.0.0.1:52549
message_send: 6 lines:
DISPLAY
  +----------+
  |*********.|
  |***.*.**.*|
  |@.........|
  +----------+

message_loop: message ready on socket
message_loop: FROM 127.0.0.1:36930
message_loop: 1 lines:
PLAY ete
message_send: TO 127.0.0.1:36930
message_send: 1 lines:
GRID 5 14
message_send: TO 127.0.0.1:36930
message_send: 1 lines:
OK B
message_send: TO 127.0.0.1:36930
message_send: 1 lines:
GOLD 0 0 164
message_send: TO 127.0.0.1:36930
message_send: 6 lines:
DISPLAY
  +----------+
  |*********@|
  |***.*.**.*|
  |..........|
  +----------+

message_send: TO 127.0.0.1:52549
message_send: 6 lines:
DISPLAY
  +----------+
  |*********B|
  |***.*.**.*|
  |@.........|
  +----------+

message_loop: message ready on socket
message_loop: FROM 127.0.0.1:36930
message_loop: 1 lines:
KEY h
message_send: TO 127.0.0.1:36930
message_send: 1 lines:
GOLD 4 4 160
message_send: error sending to datagram socket: Invalid argument
message_send: TO 127.0.0.1:36930
message_send: 6 lines:
DISPLAY
  +----------+
  |********@.|
  |***.*.**.*|
  |..........|
  +----------+

message_send: TO 127.0.0.1:52549
message_send: 6 lines:
DISPLAY
  +----------+
  |********B.|
  |***.*.**.*|
  |@.........|
  +----------+

message_loop: message ready on socket
message_loop: FROM 127.0.0.1:36930
message_loop: 1 lines:
KEY h
message_send: TO 127.0.0.1:36930
message_send: 1 lines:
GOLD 2 6 158
message_send: error sending to datagram socket: Invalid argument
message_send: TO 127.0.0.1:36930
message_send: 6 lines:
DISPLAY
  +----------+
  |*******@..|
  |***.*.**.*|
  |..........|
  +----------+

message_send: TO 127.0.0.1:52549
message_send: 6 lines:
DISPLAY
  +----------+
  |*******B..|
  |***.*.**.*|
  |@.........|
  +----------+

message_loop: message ready on socket
message_loop: FROM 127.0.0.1:36930
message_loop: 1 lines:
KEY h
message_send: TO 127.0.0.1:36930
message_send: 1 lines:
GOLD 3 9 155
message_send: error sending to datagram socket: Invalid argument
message_send: TO 127.0.0.1:36930
message_send: 6 lines:
DISPLAY
  +----------+
  |******@...|
  |***.*.**.*|
  |..........|
  +----------+

message_send: TO 127.0.0.1:52549
message_send: 6 lines:
DISPLAY
  +----------+
  |******B...|
  |***.*.**.*|
  |@.........|
  +----------+

message_loop: message ready on socket
message_loop: FROM 127.0.0.1:36930
message_loop: 1 lines:
KEY h
message_send: TO 127.0.0.1:36930
message_send: 1 lines:
GOLD 13 22 142
message_send: error sending to datagram socket: Invalid argument
message_send: TO 127.0.0.1:36930
message_send: 6 lines:
DISPLAY
  +----------+
  |*****@....|
  |***.*.**.*|
  |..........|
  +----------+

message_send: TO 127.0.0.1:52549
message_send: 6 lines:
DISPLAY
  +----------+
  |*****B....|
  |***.*.**.*|
  |@.........|
  +----------+

message_loop: message ready on socket
message_loop: FROM 127.0.0.1:36930
message_loop: 1 lines:
KEY h
message_send: TO 127.0.0.1:36930
message_send: 1 lines:
GOLD 16 38 126
message_send: error sending to datagram socket: Invalid argument
message_send: TO 127.0.0.1:36930
message_send: 6 lines:
DISPLAY
  +----------+
  |****@.....|
  |***.*.**.*|
  |..........|
  +----------+

message_send: TO 127.0.0.1:52549
message_send: 6 lines:
DISPLAY
  +----------+
  |****B.....|
  |***.*.**.*|
  |@.........|
  +----------+

message_loop: message ready on socket
message_loop: FROM 127.0.0.1:36930
message_loop: 1 lines:
KEY h
message_send: TO 127.0.0.1:36930
message_send: 1 lines:
GOLD 11 49 115
message_send: error sending to datagram socket: Invalid argument
message_send: TO 127.0.0.1:36930
message_send: 6 lines:
DISPLAY
  +----------+
  |***@......|
  |***.*.**.*|
  |..........|
  +----------+

message_send: TO 127.0.0.1:52549
message_send: 6 lines:
DISPLAY
  +----------+
  |***B......|
  |***.*.**.*|
  |@.........|
  +----------+

message_loop: message ready on socket
message_loop: FROM 127.0.0.1:36930
message_loop: 1 lines:
KEY h
message_send: TO 127.0.0.1:36930
message_send: 1 lines:
GOLD 17 66 98
message_send: error sending to datagram socket: Invalid argument
message_send: TO 127.0.0.1:36930
message_send: 6 lines:
DISPLAY
  +----------+
  |**@.......|
  |***.*.**.*|
  |..........|
  +----------+

message_send: TO 127.0.0.1:52549
message_send: 6 lines:
DISPLAY
  +----------+
  |**B.......|
  |***.*.**.*|
  |@.........|
  +----------+

message_loop: message ready on socket
message_loop: FROM 127.0.0.1:36930
message_loop: 1 lines:
KEY h
message_send: TO 127.0.0.1:36930
message_send: 1 lines:
GOLD 4 70 94
message_send: error sending to datagram socket: Invalid argument
message_send: TO 127.0.0.1:36930
message_send: 6 lines:
DISPLAY
  +----------+
  |*@........|
  |***.*.**.*|
  |..........|
  +----------+

message_send: TO 127.0.0.1:52549
message_send: 6 lines:
DISPLAY
  +----------+
  |*B........|
  |***.*.**.*|
  |@.........|
  +----------+

message_loop: message ready on socket
message_loop: FROM 127.0.0.1:36930
message_loop: 1 lines:
KEY h
message_send: TO 127.0.0.1:36930
message_send: 1 lines:
GOLD 1 71 93
message_send: error sending to datagram socket: Invalid argument
message_send: TO 127.0.0.1:36930
message_send: 6 lines:
DISPLAY
  +----------+
  |@.........|
  |***.*.**.*|
  |..........|
  +----------+

message_send: TO 127.0.0.1:52549
message_send: 6 lines:
DISPLAY
  +----------+
  |B.........|
  |***.*.**.*|
  |@.........|
  +----------+

message_loop: message ready on socket
message_loop: FROM 127.0.0.1:36930
message_loop: 1 lines:
KEY k
message_loop: message ready on socket
message_loop: FROM 127.0.0.1:36930
message_loop: 1 lines:
KEY j
message_send: TO 127.0.0.1:36930
message_send: 1 lines:
GOLD 7 78 86
message_send: error sending to datagram socket: Invalid argument
message_send: TO 127.0.0.1:36930
message_send: 6 lines:
DISPLAY
  +----------+
  |..........|
  |@**.*.**.*|
  |..........|
  +----------+

message_send: TO 127.0.0.1:52549
message_send: 6 lines:
DISPLAY
  +----------+
  |..........|
  |B**.*.**.*|
  |@.........|
  +----------+

message_loop: message ready on socket
message_loop: FROM 127.0.0.1:36930
message_loop: 1 lines:
KEY l
message_send: TO 127.0.0.1:36930
message_send: 1 lines:
GOLD 18 96 68
message_send: error sending to datagram socket: Invalid argument
message_send: TO 127.0.0.1:36930
message_send: 6 lines:
DISPLAY
  +----------+
  |..........|
  |.@*.*.**.*|
  |..........|
  +----------+

message_send: TO 127.0.0.1:52549
message_send: 6 lines:
DISPLAY
  +----------+
  |..........|
  |.B*.*.**.*|
  |@.........|
  +----------+

message_loop: message ready on socket
message_loop: FROM 127.0.0.1:36930
message_loop: 1 lines:
KEY l
message_send: TO 127.0.0.1:36930
message_send: 1 lines:
GOLD 1 97 67
message_send: error sending to datagram socket: Invalid argument
message_send: TO 127.0.0.1:36930
message_send: 6 lines:
DISPLAY
  +----------+
  |..........|
  |..@.*.**.*|
  |..........|
  +----------+

message_send: TO 127.0.0.1:52549
message_send: 6 lines:
DISPLAY
  +----------+
  |..........|
  |..B.*.**.*|
  |@.........|
  +----------+

message_loop: message ready on socket
message_loop: FROM 127.0.0.1:36930
message_loop: 1 lines:
KEY l
message_send: TO 127.0.0.1:36930
message_send: 6 lines:
DISPLAY
  +----------+
  |..........|
  |...@*.**.*|
  |..........|
  +----------+

message_send: TO 127.0.0.1:52549
message_send: 6 lines:
DISPLAY
  +----------+
  |..........|
  |...B*.**.*|
  |@.........|
  +----------+

message_loop: message ready on socket
message_loop: FROM 127.0.0.1:36930
message_loop: 1 lines:
KEY l
message_send: TO 127.0.0.1:36930
message_send: 1 lines:
GOLD 14 111 53
message_send: error sending to datagram socket: Invalid argument
message_send: TO 127.0.0.1:36930
message_send: 6 lines:
DISPLAY
  +----------+
  |..........|
  |....@.**.*|
  |..........|
  +----------+

message_send: TO 127.0.0.1:52549
message_send: 6 lines:
DISPLAY
  +----------+
  |..........|
  |....B.**.*|
  |@.........|
  +----------+

message_loop: message ready on socket
message_loop: FROM 127.0.0.1:36930
message_loop: 1 lines:
KEY l
message_send: TO 127.0.0.1:36930
message_send: 6 lines:
DISPLAY
  +----------+
  |..........|
  |.....@**.*|
  |..........|
  +----------+

message_send: TO 127.0.0.1:52549
message_send: 6 lines:
DISPLAY
  +----------+
  |..........|
  |.....B**.*|
  |@.........|
  +----------+

message_loop: message ready on socket
message_loop: FROM 127.0.0.1:36930
message_loop: 1 lines:
KEY l
message_send: TO 127.0.0.1:36930
message_send: 1 lines:
GOLD 11 122 42
message_send: error sending to datagram socket: Invalid argument
message_send: TO 127.0.0.1:36930
message_send: 6 lines:
DISPLAY
  +----------+
  |..........|
  |......@*.*|
  |..........|
  +----------+

message_send: TO 127.0.0.1:52549
message_send: 6 lines:
DISPLAY
  +----------+
  |..........|
  |......B*.*|
  |@.........|
  +----------+

message_loop: message ready on socket
message_loop: FROM 127.0.0.1:36930
message_loop: 1 lines:
KEY l
message_send: TO 127.0.0.1:36930
message_send: 1 lines:
GOLD 23 145 19
message_send: error sending to datagram socket: Invalid argument
message_send: TO 127.0.0.1:36930
message_send: 6 lines:
DISPLAY
  +----------+
  |..........|
  |.......@.*|
  |..........|
  +----------+

message_send: TO 127.0.0.1:52549
message_send: 6 lines:
DISPLAY
  +----------+
  |..........|
  |.......B.*|
  |@.........|
  +----------+

message_loop: message ready on socket
message_loop: FROM 127.0.0.1:36930
message_loop: 1 lines:
KEY l
message_send: TO 127.0.0.1:36930
message_send: 6 lines:
DISPLAY
  +----------+
  |..........|
  |........@*|
  |..........|
  +----------+

message_send: TO 127.0.0.1:52549
message_send: 6 lines:
DISPLAY
  +----------+
  |..........|
  |........B*|
  |@.........|
  +----------+

message_loop: message ready on socket
message_loop: FROM 127.0.0.1:36930
message_loop: 1 lines:
KEY l
message_send: TO 127.0.0.1:36930
message_send: 1 lines:
GOLD 19 164 0
message_send: error sending to datagram socket: Invalid argument
message_send: TO 127.0.0.1:36930
message_send: 3 lines:
QUIT GAME OVER
B	164	ete
A	86	eter

message_send: TO 127.0.0.1:52549
message_send: 3 lines:
QUIT GAME OVER
B	164	ete
A	86	eter

*** stack smashing detected ***: <unknown> terminated
